build/app/intermediates/manifest_merge_blame_file/debug/manifest-merger-blame-debug-report.txt
1<?xml version="1.0" encoding="utf-8"?>
2<manifest xmlns:android="http://schemas.android.com/apk/res/android"
3    package="com.maro.mindsetfinalprojectecommerce"
4    android:versionCode="1"
5    android:versionName="1.0.0" >
6
7    <uses-sdk
8        android:minSdkVersion="21"
9        android:targetSdkVersion="34" />
10    <!--
11         The INTERNET permission is required for development. Specifically,
12         the Flutter tool needs it to communicate with the running application
13         to allow setting breakpoints, to provide hot reload, etc.
14    -->
15    <uses-permission android:name="android.permission.INTERNET" />
15-->src\debug\AndroidManifest.xml:6:5-66
15-->src\debug\AndroidManifest.xml:6:22-64
16    <!--
17     Required to query activities that can process text, see:
18         https://developer.android.com/training/package-visibility and
19         https://developer.android.com/reference/android/content/Intent#ACTION_PROCESS_TEXT.
20
21         In particular, this is used by the Flutter engine in io.flutter.plugin.text.ProcessTextPlugin.
22    -->
23    <queries>
23-->src\main\AndroidManifest.xml:39:5-44:15
24        <intent>
24-->src\main\AndroidManifest.xml:40:9-43:18
25            <action android:name="android.intent.action.PROCESS_TEXT" />
25-->src\main\AndroidManifest.xml:41:13-72
25-->src\main\AndroidManifest.xml:41:21-70
26
27            <data android:mimeType="text/plain" />
27-->src\main\AndroidManifest.xml:42:13-50
27-->src\main\AndroidManifest.xml:42:19-48
28        </intent>
29    </queries> <!-- Although the *SdkVersion is captured in gradle build files, this is required for non gradle builds -->
30    <!-- <uses-sdk android:minSdkVersion="21" /> -->
31    <uses-permission android:name="android.permission.ACCESS_NETWORK_STATE" />
31-->[com.google.firebase:firebase-firestore:25.1.0] AndroidManifest.xml:10:5-79
31-->[com.google.firebase:firebase-firestore:25.1.0] AndroidManifest.xml:10:22-76
32
33    <permission
33-->[androidx.core:core:1.13.1] AndroidManifest.xml:22:5-24:47
34        android:name="com.maro.mindsetfinalprojectecommerce.DYNAMIC_RECEIVER_NOT_EXPORTED_PERMISSION"
34-->[androidx.core:core:1.13.1] AndroidManifest.xml:23:9-81
35        android:protectionLevel="signature" />
35-->[androidx.core:core:1.13.1] AndroidManifest.xml:24:9-44
36
37    <uses-permission android:name="com.maro.mindsetfinalprojectecommerce.DYNAMIC_RECEIVER_NOT_EXPORTED_PERMISSION" />
37-->[androidx.core:core:1.13.1] AndroidManifest.xml:26:5-97
37-->[androidx.core:core:1.13.1] AndroidManifest.xml:26:22-94
38
39    <application
40        android:name="android.app.Application"
41        android:appComponentFactory="androidx.core.app.CoreComponentFactory"
41-->[androidx.core:core:1.13.1] AndroidManifest.xml:28:18-86
42        android:debuggable="true"
43        android:icon="@mipmap/ic_launcher"
44        android:label="mindsetfinalprojectecommerce" >
45        <activity
46            android:name="com.maro.mindsetfinalprojectecommerce.MainActivity"
47            android:configChanges="orientation|keyboardHidden|keyboard|screenSize|smallestScreenSize|locale|layoutDirection|fontScale|screenLayout|density|uiMode"
48            android:exported="true"
49            android:hardwareAccelerated="true"
50            android:launchMode="singleTop"
51            android:taskAffinity=""
52            android:theme="@style/LaunchTheme"
53            android:windowSoftInputMode="adjustResize" >
54
55            <!--
56                 Specifies an Android theme to apply to this Activity as soon as
57                 the Android process has started. This theme is visible to the user
58                 while the Flutter UI initializes. After that, this theme continues
59                 to determine the Window background behind the Flutter UI.
60            -->
61            <meta-data
62                android:name="io.flutter.embedding.android.NormalTheme"
63                android:resource="@style/NormalTheme" />
64
65            <intent-filter>
66                <action android:name="android.intent.action.MAIN" />
67
68                <category android:name="android.intent.category.LAUNCHER" />
69            </intent-filter>
70        </activity>
71        <!--
72             Don't delete the meta-data below.
73             This is used by the Flutter tool to generate GeneratedPluginRegistrant.java
74        -->
75        <meta-data
76            android:name="flutterEmbedding"
77            android:value="2" />
78
79        <service
79-->[:cloud_firestore] AndroidManifest.xml:10:9-14:19
80            android:name="com.google.firebase.components.ComponentDiscoveryService"
80-->[:cloud_firestore] AndroidManifest.xml:10:18-89
81            android:directBootAware="true"
81-->[com.google.firebase:firebase-common:21.0.0] AndroidManifest.xml:32:13-43
82            android:exported="false" >
82-->[com.google.firebase:firebase-firestore:25.1.0] AndroidManifest.xml:16:13-37
83            <meta-data
83-->[:cloud_firestore] AndroidManifest.xml:11:13-13:85
84                android:name="com.google.firebase.components:io.flutter.plugins.firebase.firestore.FlutterFirebaseFirestoreRegistrar"
84-->[:cloud_firestore] AndroidManifest.xml:12:17-134
85                android:value="com.google.firebase.components.ComponentRegistrar" />
85-->[:cloud_firestore] AndroidManifest.xml:13:17-82
86            <meta-data
86-->[:firebase_storage] AndroidManifest.xml:11:13-13:85
87                android:name="com.google.firebase.components:io.flutter.plugins.firebase.storage.FlutterFirebaseAppRegistrar"
87-->[:firebase_storage] AndroidManifest.xml:12:17-126
88                android:value="com.google.firebase.components.ComponentRegistrar" />
88-->[:firebase_storage] AndroidManifest.xml:13:17-82
89            <meta-data
89-->[:firebase_core] AndroidManifest.xml:11:13-13:85
90                android:name="com.google.firebase.components:io.flutter.plugins.firebase.core.FlutterFirebaseCoreRegistrar"
90-->[:firebase_core] AndroidManifest.xml:12:17-124
91                android:value="com.google.firebase.components.ComponentRegistrar" />
91-->[:firebase_core] AndroidManifest.xml:13:17-82
92            <meta-data
92-->[com.google.firebase:firebase-firestore:25.1.0] AndroidManifest.xml:17:13-19:85
93                android:name="com.google.firebase.components:com.google.firebase.firestore.FirebaseFirestoreKtxRegistrar"
93-->[com.google.firebase:firebase-firestore:25.1.0] AndroidManifest.xml:18:17-122
94                android:value="com.google.firebase.components.ComponentRegistrar" />
94-->[com.google.firebase:firebase-firestore:25.1.0] AndroidManifest.xml:19:17-82
95            <meta-data
95-->[com.google.firebase:firebase-firestore:25.1.0] AndroidManifest.xml:20:13-22:85
96                android:name="com.google.firebase.components:com.google.firebase.firestore.FirestoreRegistrar"
96-->[com.google.firebase:firebase-firestore:25.1.0] AndroidManifest.xml:21:17-111
97                android:value="com.google.firebase.components.ComponentRegistrar" />
97-->[com.google.firebase:firebase-firestore:25.1.0] AndroidManifest.xml:22:17-82
98            <meta-data
98-->[com.google.firebase:firebase-storage:21.0.0] AndroidManifest.xml:30:13-32:85
99                android:name="com.google.firebase.components:com.google.firebase.storage.FirebaseStorageKtxRegistrar"
99-->[com.google.firebase:firebase-storage:21.0.0] AndroidManifest.xml:31:17-118
100                android:value="com.google.firebase.components.ComponentRegistrar" />
100-->[com.google.firebase:firebase-storage:21.0.0] AndroidManifest.xml:32:17-82
101            <meta-data
101-->[com.google.firebase:firebase-storage:21.0.0] AndroidManifest.xml:33:13-35:85
102                android:name="com.google.firebase.components:com.google.firebase.storage.StorageRegistrar"
102-->[com.google.firebase:firebase-storage:21.0.0] AndroidManifest.xml:34:17-107
103                android:value="com.google.firebase.components.ComponentRegistrar" />
103-->[com.google.firebase:firebase-storage:21.0.0] AndroidManifest.xml:35:17-82
104            <meta-data
104-->[com.google.firebase:firebase-appcheck:18.0.0] AndroidManifest.xml:25:13-27:85
105                android:name="com.google.firebase.components:com.google.firebase.appcheck.FirebaseAppCheckKtxRegistrar"
105-->[com.google.firebase:firebase-appcheck:18.0.0] AndroidManifest.xml:26:17-120
106                android:value="com.google.firebase.components.ComponentRegistrar" />
106-->[com.google.firebase:firebase-appcheck:18.0.0] AndroidManifest.xml:27:17-82
107            <meta-data
107-->[com.google.firebase:firebase-appcheck:18.0.0] AndroidManifest.xml:28:13-30:85
108                android:name="com.google.firebase.components:com.google.firebase.appcheck.FirebaseAppCheckRegistrar"
108-->[com.google.firebase:firebase-appcheck:18.0.0] AndroidManifest.xml:29:17-117
109                android:value="com.google.firebase.components.ComponentRegistrar" />
109-->[com.google.firebase:firebase-appcheck:18.0.0] AndroidManifest.xml:30:17-82
110            <meta-data
110-->[com.google.firebase:firebase-common-ktx:21.0.0] AndroidManifest.xml:12:13-14:85
111                android:name="com.google.firebase.components:com.google.firebase.ktx.FirebaseCommonLegacyRegistrar"
111-->[com.google.firebase:firebase-common-ktx:21.0.0] AndroidManifest.xml:13:17-116
112                android:value="com.google.firebase.components.ComponentRegistrar" />
112-->[com.google.firebase:firebase-common-ktx:21.0.0] AndroidManifest.xml:14:17-82
113            <meta-data
113-->[com.google.firebase:firebase-common:21.0.0] AndroidManifest.xml:35:13-37:85
114                android:name="com.google.firebase.components:com.google.firebase.FirebaseCommonKtxRegistrar"
114-->[com.google.firebase:firebase-common:21.0.0] AndroidManifest.xml:36:17-109
115                android:value="com.google.firebase.components.ComponentRegistrar" />
115-->[com.google.firebase:firebase-common:21.0.0] AndroidManifest.xml:37:17-82
116        </service>
117
118        <provider
118-->[com.google.firebase:firebase-common:21.0.0] AndroidManifest.xml:23:9-28:39
119            android:name="com.google.firebase.provider.FirebaseInitProvider"
119-->[com.google.firebase:firebase-common:21.0.0] AndroidManifest.xml:24:13-77
120            android:authorities="com.maro.mindsetfinalprojectecommerce.firebaseinitprovider"
120-->[com.google.firebase:firebase-common:21.0.0] AndroidManifest.xml:25:13-72
121            android:directBootAware="true"
121-->[com.google.firebase:firebase-common:21.0.0] AndroidManifest.xml:26:13-43
122            android:exported="false"
122-->[com.google.firebase:firebase-common:21.0.0] AndroidManifest.xml:27:13-37
123            android:initOrder="100" />
123-->[com.google.firebase:firebase-common:21.0.0] AndroidManifest.xml:28:13-36
124
125        <activity
125-->[com.google.android.gms:play-services-base:18.1.0] AndroidManifest.xml:20:9-22:45
126            android:name="com.google.android.gms.common.api.GoogleApiActivity"
126-->[com.google.android.gms:play-services-base:18.1.0] AndroidManifest.xml:20:19-85
127            android:exported="false"
127-->[com.google.android.gms:play-services-base:18.1.0] AndroidManifest.xml:22:19-43
128            android:theme="@android:style/Theme.Translucent.NoTitleBar" />
128-->[com.google.android.gms:play-services-base:18.1.0] AndroidManifest.xml:21:19-78
129
130        <uses-library
130-->[androidx.window:window:1.2.0] AndroidManifest.xml:23:9-25:40
131            android:name="androidx.window.extensions"
131-->[androidx.window:window:1.2.0] AndroidManifest.xml:24:13-54
132            android:required="false" />
132-->[androidx.window:window:1.2.0] AndroidManifest.xml:25:13-37
133        <uses-library
133-->[androidx.window:window:1.2.0] AndroidManifest.xml:26:9-28:40
134            android:name="androidx.window.sidecar"
134-->[androidx.window:window:1.2.0] AndroidManifest.xml:27:13-51
135            android:required="false" />
135-->[androidx.window:window:1.2.0] AndroidManifest.xml:28:13-37
136
137        <meta-data
137-->[com.google.android.gms:play-services-basement:18.3.0] AndroidManifest.xml:21:9-23:69
138            android:name="com.google.android.gms.version"
138-->[com.google.android.gms:play-services-basement:18.3.0] AndroidManifest.xml:22:13-58
139            android:value="@integer/google_play_services_version" />
139-->[com.google.android.gms:play-services-basement:18.3.0] AndroidManifest.xml:23:13-66
140
141        <provider
141-->[androidx.lifecycle:lifecycle-process:2.7.0] AndroidManifest.xml:24:9-32:20
142            android:name="androidx.startup.InitializationProvider"
142-->[androidx.lifecycle:lifecycle-process:2.7.0] AndroidManifest.xml:25:13-67
143            android:authorities="com.maro.mindsetfinalprojectecommerce.androidx-startup"
143-->[androidx.lifecycle:lifecycle-process:2.7.0] AndroidManifest.xml:26:13-68
144            android:exported="false" >
144-->[androidx.lifecycle:lifecycle-process:2.7.0] AndroidManifest.xml:27:13-37
145            <meta-data
145-->[androidx.lifecycle:lifecycle-process:2.7.0] AndroidManifest.xml:29:13-31:52
146                android:name="androidx.lifecycle.ProcessLifecycleInitializer"
146-->[androidx.lifecycle:lifecycle-process:2.7.0] AndroidManifest.xml:30:17-78
147                android:value="androidx.startup" />
147-->[androidx.lifecycle:lifecycle-process:2.7.0] AndroidManifest.xml:31:17-49
148            <meta-data
148-->[androidx.profileinstaller:profileinstaller:1.3.1] AndroidManifest.xml:29:13-31:52
149                android:name="androidx.profileinstaller.ProfileInstallerInitializer"
149-->[androidx.profileinstaller:profileinstaller:1.3.1] AndroidManifest.xml:30:17-85
150                android:value="androidx.startup" />
150-->[androidx.profileinstaller:profileinstaller:1.3.1] AndroidManifest.xml:31:17-49
151        </provider>
152
153        <receiver
153-->[androidx.profileinstaller:profileinstaller:1.3.1] AndroidManifest.xml:34:9-52:20
154            android:name="androidx.profileinstaller.ProfileInstallReceiver"
154-->[androidx.profileinstaller:profileinstaller:1.3.1] AndroidManifest.xml:35:13-76
155            android:directBootAware="false"
155-->[androidx.profileinstaller:profileinstaller:1.3.1] AndroidManifest.xml:36:13-44
156            android:enabled="true"
156-->[androidx.profileinstaller:profileinstaller:1.3.1] AndroidManifest.xml:37:13-35
157            android:exported="true"
157-->[androidx.profileinstaller:profileinstaller:1.3.1] AndroidManifest.xml:38:13-36
158            android:permission="android.permission.DUMP" >
158-->[androidx.profileinstaller:profileinstaller:1.3.1] AndroidManifest.xml:39:13-57
159            <intent-filter>
159-->[androidx.profileinstaller:profileinstaller:1.3.1] AndroidManifest.xml:40:13-42:29
160                <action android:name="androidx.profileinstaller.action.INSTALL_PROFILE" />
160-->[androidx.profileinstaller:profileinstaller:1.3.1] AndroidManifest.xml:41:17-91
160-->[androidx.profileinstaller:profileinstaller:1.3.1] AndroidManifest.xml:41:25-88
161            </intent-filter>
162            <intent-filter>
162-->[androidx.profileinstaller:profileinstaller:1.3.1] AndroidManifest.xml:43:13-45:29
163                <action android:name="androidx.profileinstaller.action.SKIP_FILE" />
163-->[androidx.profileinstaller:profileinstaller:1.3.1] AndroidManifest.xml:44:17-85
163-->[androidx.profileinstaller:profileinstaller:1.3.1] AndroidManifest.xml:44:25-82
164            </intent-filter>
165            <intent-filter>
165-->[androidx.profileinstaller:profileinstaller:1.3.1] AndroidManifest.xml:46:13-48:29
166                <action android:name="androidx.profileinstaller.action.SAVE_PROFILE" />
166-->[androidx.profileinstaller:profileinstaller:1.3.1] AndroidManifest.xml:47:17-88
166-->[androidx.profileinstaller:profileinstaller:1.3.1] AndroidManifest.xml:47:25-85
167            </intent-filter>
168            <intent-filter>
168-->[androidx.profileinstaller:profileinstaller:1.3.1] AndroidManifest.xml:49:13-51:29
169                <action android:name="androidx.profileinstaller.action.BENCHMARK_OPERATION" />
169-->[androidx.profileinstaller:profileinstaller:1.3.1] AndroidManifest.xml:50:17-95
169-->[androidx.profileinstaller:profileinstaller:1.3.1] AndroidManifest.xml:50:25-92
170            </intent-filter>
171        </receiver>
172    </application>
173
174</manifest>